<?xml version="1.0" encoding="UTF-8"?>
<coverage generated="1531967757229" clover="3.2.0">
  <project timestamp="1531967757229" name="All files">
    <metrics statements="13" coveredstatements="8" conditionals="2" coveredconditionals="0" methods="5" coveredmethods="2" elements="20" coveredelements="10" complexity="0" loc="13" ncloc="13" packages="2" files="4" classes="4">
      <package name="react-series">
        <metrics statements="7" coveredstatements="5" conditionals="2" coveredconditionals="0" methods="1" coveredmethods="0"/>
        <file name="jest-config.js" path="/Users/williamsergioalmadojr/Projetos/react-series/jest-config.js">
          <metrics statements="7" coveredstatements="5" conditionals="2" coveredconditionals="0" methods="1" coveredmethods="0"/>
          <line num="3" count="2" type="stmt"/>
          <line num="4" count="2" type="stmt"/>
          <line num="5" count="2" type="stmt"/>
          <line num="8" count="2" type="stmt"/>
          <line num="9" count="0" type="cond" truecount="0" falsecount="2"/>
          <line num="10" count="0" type="stmt"/>
          <line num="14" count="2" type="stmt"/>
        </file>
      </package>
      <package name="react-series.src.components">
        <metrics statements="6" coveredstatements="3" conditionals="0" coveredconditionals="0" methods="4" coveredmethods="2"/>
        <file name="BotaoGol.js" path="/Users/williamsergioalmadojr/Projetos/react-series/src/components/BotaoGol.js">
          <metrics statements="3" coveredstatements="0" conditionals="0" coveredconditionals="0" methods="2" coveredmethods="0"/>
          <line num="5" count="0" type="stmt"/>
          <line num="6" count="0" type="stmt"/>
          <line num="10" count="0" type="stmt"/>
        </file>
        <file name="Time.js" path="/Users/williamsergioalmadojr/Projetos/react-series/src/components/Time.js">
          <metrics statements="1" coveredstatements="1" conditionals="0" coveredconditionals="0" methods="1" coveredmethods="1"/>
          <line num="7" count="1" type="stmt"/>
        </file>
        <file name="modulo1.js" path="/Users/williamsergioalmadojr/Projetos/react-series/src/components/modulo1.js">
          <metrics statements="2" coveredstatements="2" conditionals="0" coveredconditionals="0" methods="1" coveredmethods="1"/>
          <line num="1" count="1" type="stmt"/>
          <line num="2" count="1" type="stmt"/>
        </file>
      </package>
    </metrics>
  </project>
</coverage>
