<?xml version="1.0" encoding="UTF-8"?>
<coverage generated="1531951273494" clover="3.2.0">
  <project timestamp="1531951273494" name="All files">
    <metrics statements="4" coveredstatements="1" conditionals="0" coveredconditionals="0" methods="3" coveredmethods="1" elements="7" coveredelements="2" complexity="0" loc="4" ncloc="4" packages="1" files="2" classes="2">
      <file name="BotaoGol.js" path="/Users/williamsergioalmadojr/Projetos/react-series/src/components/BotaoGol.js">
        <metrics statements="3" coveredstatements="0" conditionals="0" coveredconditionals="0" methods="2" coveredmethods="0"/>
        <line num="5" count="0" type="stmt"/>
        <line num="6" count="0" type="stmt"/>
        <line num="10" count="0" type="stmt"/>
      </file>
      <file name="Time.js" path="/Users/williamsergioalmadojr/Projetos/react-series/src/components/Time.js">
        <metrics statements="1" coveredstatements="1" conditionals="0" coveredconditionals="0" methods="1" coveredmethods="1"/>
        <line num="7" count="1" type="stmt"/>
      </file>
    </metrics>
  </project>
</coverage>
